ServerName localhost Port 4444
 Message 1:Get Client Id sent to Server localhost
 Message 32:Set Server Setting sent to Server localhost
 Message 32:Set Server Setting sent to Server localhost
Message 1:Get Client Id received from Server; Status: &MSG=END
Message 4: received from Server; Status: Setting Set
Message 4: received from Server; Status: Setting Set
 Message 15:Get QTD Names sent to Server localhost
Message 4: received from Server; Status: Fetching QueryTemplate List
Message 4: received from Server; Status: QueryTemplate List fetched
Message 15:Get QTD Names received from Server; Status: &MSG=END
 Message 7:Read Diagram sent to Server localhost
Message 4: received from Server; Status: Reading Picasso Diagram
Message 7:Read Diagram received from Server; Status: &MSG=END
 Message 7:Read Diagram sent to Server localhost
Message 4: received from Server; Status: Estimating time to generate
Message 8:Estimate time to generate received from Server; Status: QTID: POSTGRES_Default_U_ exists and settings have changed.
QueryTemplate changed 
Resolution on dimension 0 changed from 1000 to 10
Resolution on dimension 1 changed from 1000 to 10
Do you want to generate and overwrite existing diagram?

Estimated Time to Generate Exact Picasso Diagram is 30 sec.
 Message 6:Generate Diagram sent to Server localhost
Message 4: received from Server; Status: Generating Compilation Diagram
Message 4: received from Server; Status: Generating Compilation Diagram
Message 4: received from Server; Status: 2%    Elapsed Time: 0 min 0 sec      Estimated Time to Complete: 0 min 0 sec
Message 4: received from Server; Status: 3%    Elapsed Time: 0 min 0 sec      Estimated Time to Complete: 0 min 0 sec
Message 4: received from Server; Status: 4%    Elapsed Time: 0 min 0 sec      Estimated Time to Complete: 0 min 0 sec
Message 4: received from Server; Status: 5%    Elapsed Time: 0 min 0 sec      Estimated Time to Complete: 0 min 0 sec
Message 4: received from Server; Status: 6%    Elapsed Time: 0 min 0 sec      Estimated Time to Complete: 0 min 0 sec
Message 4: received from Server; Status: 7%    Elapsed Time: 0 min 0 sec      Estimated Time to Complete: 0 min 0 sec
Message 4: received from Server; Status: 8%    Elapsed Time: 0 min 0 sec      Estimated Time to Complete: 0 min 0 sec
Message 4: received from Server; Status: 9%    Elapsed Time: 0 min 0 sec      Estimated Time to Complete: 0 min 0 sec
Message 4: received from Server; Status: 10%    Elapsed Time: 0 min 0 sec      Estimated Time to Complete: 0 min 0 sec
Message 4: received from Server; Status: 11%    Elapsed Time: 0 min 0 sec      Estimated Time to Complete: 0 min 0 sec
Message 4: received from Server; Status: 12%    Elapsed Time: 0 min 0 sec      Estimated Time to Complete: 0 min 0 sec
Message 4: received from Server; Status: 13%    Elapsed Time: 0 min 0 sec      Estimated Time to Complete: 0 min 0 sec
Message 4: received from Server; Status: 14%    Elapsed Time: 0 min 0 sec      Estimated Time to Complete: 0 min 0 sec
Message 4: received from Server; Status: 15%    Elapsed Time: 0 min 0 sec      Estimated Time to Complete: 0 min 0 sec
Message 4: received from Server; Status: 16%    Elapsed Time: 0 min 0 sec      Estimated Time to Complete: 0 min 0 sec
Message 4: received from Server; Status: 17%    Elapsed Time: 0 min 0 sec      Estimated Time to Complete: 0 min 0 sec
Message 4: received from Server; Status: 18%    Elapsed Time: 0 min 0 sec      Estimated Time to Complete: 0 min 0 sec
Message 4: received from Server; Status: 19%    Elapsed Time: 0 min 0 sec      Estimated Time to Complete: 0 min 0 sec
Message 4: received from Server; Status: 20%    Elapsed Time: 0 min 0 sec      Estimated Time to Complete: 0 min 0 sec
Message 4: received from Server; Status: 21%    Elapsed Time: 0 min 0 sec      Estimated Time to Complete: 0 min 0 sec
Message 4: received from Server; Status: 22%    Elapsed Time: 0 min 0 sec      Estimated Time to Complete: 0 min 0 sec
Message 4: received from Server; Status: 23%    Elapsed Time: 0 min 0 sec      Estimated Time to Complete: 0 min 0 sec
Message 4: received from Server; Status: 24%    Elapsed Time: 0 min 0 sec      Estimated Time to Complete: 0 min 0 sec
Message 4: received from Server; Status: 25%    Elapsed Time: 0 min 0 sec      Estimated Time to Complete: 0 min 0 sec
Message 4: received from Server; Status: 26%    Elapsed Time: 0 min 0 sec      Estimated Time to Complete: 0 min 0 sec
Message 4: received from Server; Status: 27%    Elapsed Time: 0 min 0 sec      Estimated Time to Complete: 0 min 0 sec
Message 4: received from Server; Status: 28%    Elapsed Time: 0 min 0 sec      Estimated Time to Complete: 0 min 0 sec
Message 4: received from Server; Status: 29%    Elapsed Time: 0 min 0 sec      Estimated Time to Complete: 0 min 0 sec
Message 4: received from Server; Status: 30%    Elapsed Time: 0 min 0 sec      Estimated Time to Complete: 0 min 0 sec
Message 4: received from Server; Status: 31%    Elapsed Time: 0 min 0 sec      Estimated Time to Complete: 0 min 0 sec
Message 4: received from Server; Status: 32%    Elapsed Time: 0 min 0 sec      Estimated Time to Complete: 0 min 0 sec
Message 4: received from Server; Status: 33%    Elapsed Time: 0 min 0 sec      Estimated Time to Complete: 0 min 0 sec
Message 4: received from Server; Status: 34%    Elapsed Time: 0 min 0 sec      Estimated Time to Complete: 0 min 0 sec
Message 4: received from Server; Status: 35%    Elapsed Time: 0 min 0 sec      Estimated Time to Complete: 0 min 0 sec
Message 4: received from Server; Status: 36%    Elapsed Time: 0 min 0 sec      Estimated Time to Complete: 0 min 0 sec
Message 4: received from Server; Status: 37%    Elapsed Time: 0 min 0 sec      Estimated Time to Complete: 0 min 0 sec
Message 4: received from Server; Status: 38%    Elapsed Time: 0 min 0 sec      Estimated Time to Complete: 0 min 0 sec
Message 4: received from Server; Status: 39%    Elapsed Time: 0 min 0 sec      Estimated Time to Complete: 0 min 0 sec
Message 4: received from Server; Status: 40%    Elapsed Time: 0 min 0 sec      Estimated Time to Complete: 0 min 0 sec
Message 4: received from Server; Status: 41%    Elapsed Time: 0 min 0 sec      Estimated Time to Complete: 0 min 0 sec
Message 4: received from Server; Status: 42%    Elapsed Time: 0 min 0 sec      Estimated Time to Complete: 0 min 0 sec
Message 4: received from Server; Status: 43%    Elapsed Time: 0 min 0 sec      Estimated Time to Complete: 0 min 0 sec
Message 4: received from Server; Status: 44%    Elapsed Time: 0 min 0 sec      Estimated Time to Complete: 0 min 0 sec
Message 4: received from Server; Status: 45%    Elapsed Time: 0 min 0 sec      Estimated Time to Complete: 0 min 0 sec
Message 4: received from Server; Status: 46%    Elapsed Time: 0 min 0 sec      Estimated Time to Complete: 0 min 0 sec
Message 4: received from Server; Status: 47%    Elapsed Time: 0 min 0 sec      Estimated Time to Complete: 0 min 0 sec
Message 4: received from Server; Status: 48%    Elapsed Time: 0 min 0 sec      Estimated Time to Complete: 0 min 0 sec
Message 4: received from Server; Status: 49%    Elapsed Time: 0 min 0 sec      Estimated Time to Complete: 0 min 0 sec
Message 4: received from Server; Status: 50%    Elapsed Time: 0 min 0 sec      Estimated Time to Complete: 0 min 0 sec
Message 4: received from Server; Status: 51%    Elapsed Time: 0 min 0 sec      Estimated Time to Complete: 0 min 0 sec
Message 4: received from Server; Status: 52%    Elapsed Time: 0 min 0 sec      Estimated Time to Complete: 0 min 0 sec
Message 4: received from Server; Status: 53%    Elapsed Time: 0 min 0 sec      Estimated Time to Complete: 0 min 0 sec
Message 4: received from Server; Status: 54%    Elapsed Time: 0 min 0 sec      Estimated Time to Complete: 0 min 0 sec
Message 4: received from Server; Status: 55%    Elapsed Time: 0 min 0 sec      Estimated Time to Complete: 0 min 0 sec
Message 4: received from Server; Status: 56%    Elapsed Time: 0 min 0 sec      Estimated Time to Complete: 0 min 0 sec
Message 4: received from Server; Status: 57%    Elapsed Time: 0 min 0 sec      Estimated Time to Complete: 0 min 0 sec
Message 4: received from Server; Status: 58%    Elapsed Time: 0 min 0 sec      Estimated Time to Complete: 0 min 0 sec
Message 4: received from Server; Status: 59%    Elapsed Time: 0 min 0 sec      Estimated Time to Complete: 0 min 0 sec
Message 4: received from Server; Status: 60%    Elapsed Time: 0 min 0 sec      Estimated Time to Complete: 0 min 0 sec
Message 4: received from Server; Status: 61%    Elapsed Time: 0 min 0 sec      Estimated Time to Complete: 0 min 0 sec
Message 4: received from Server; Status: 62%    Elapsed Time: 0 min 0 sec      Estimated Time to Complete: 0 min 0 sec
Message 4: received from Server; Status: 63%    Elapsed Time: 0 min 0 sec      Estimated Time to Complete: 0 min 0 sec
Message 4: received from Server; Status: 64%    Elapsed Time: 0 min 0 sec      Estimated Time to Complete: 0 min 0 sec
Message 4: received from Server; Status: 65%    Elapsed Time: 0 min 0 sec      Estimated Time to Complete: 0 min 0 sec
Message 4: received from Server; Status: 66%    Elapsed Time: 0 min 0 sec      Estimated Time to Complete: 0 min 0 sec
Message 4: received from Server; Status: 67%    Elapsed Time: 0 min 0 sec      Estimated Time to Complete: 0 min 0 sec
Message 4: received from Server; Status: 68%    Elapsed Time: 0 min 0 sec      Estimated Time to Complete: 0 min 0 sec
Message 4: received from Server; Status: 69%    Elapsed Time: 0 min 0 sec      Estimated Time to Complete: 0 min 0 sec
Message 4: received from Server; Status: 70%    Elapsed Time: 0 min 0 sec      Estimated Time to Complete: 0 min 0 sec
Message 4: received from Server; Status: 71%    Elapsed Time: 0 min 0 sec      Estimated Time to Complete: 0 min 0 sec
Message 4: received from Server; Status: 72%    Elapsed Time: 0 min 0 sec      Estimated Time to Complete: 0 min 0 sec
Message 4: received from Server; Status: 73%    Elapsed Time: 0 min 0 sec      Estimated Time to Complete: 0 min 0 sec
Message 4: received from Server; Status: 74%    Elapsed Time: 0 min 0 sec      Estimated Time to Complete: 0 min 0 sec
Message 4: received from Server; Status: 75%    Elapsed Time: 0 min 0 sec      Estimated Time to Complete: 0 min 0 sec
Message 4: received from Server; Status: 76%    Elapsed Time: 0 min 0 sec      Estimated Time to Complete: 0 min 0 sec
Message 4: received from Server; Status: 77%    Elapsed Time: 0 min 0 sec      Estimated Time to Complete: 0 min 0 sec
Message 4: received from Server; Status: 78%    Elapsed Time: 0 min 0 sec      Estimated Time to Complete: 0 min 0 sec
Message 4: received from Server; Status: 79%    Elapsed Time: 0 min 0 sec      Estimated Time to Complete: 0 min 0 sec
Message 4: received from Server; Status: 80%    Elapsed Time: 0 min 0 sec      Estimated Time to Complete: 0 min 0 sec
Message 4: received from Server; Status: 81%    Elapsed Time: 0 min 0 sec      Estimated Time to Complete: 0 min 0 sec
Message 4: received from Server; Status: 82%    Elapsed Time: 0 min 0 sec      Estimated Time to Complete: 0 min 0 sec
Message 4: received from Server; Status: 83%    Elapsed Time: 0 min 0 sec      Estimated Time to Complete: 0 min 0 sec
Message 4: received from Server; Status: 84%    Elapsed Time: 0 min 0 sec      Estimated Time to Complete: 0 min 0 sec
Message 4: received from Server; Status: 85%    Elapsed Time: 0 min 0 sec      Estimated Time to Complete: 0 min 0 sec
Message 4: received from Server; Status: 86%    Elapsed Time: 0 min 0 sec      Estimated Time to Complete: 0 min 0 sec
Message 4: received from Server; Status: 87%    Elapsed Time: 0 min 0 sec      Estimated Time to Complete: 0 min 0 sec
Message 4: received from Server; Status: 88%    Elapsed Time: 0 min 0 sec      Estimated Time to Complete: 0 min 0 sec
Message 4: received from Server; Status: 89%    Elapsed Time: 0 min 0 sec      Estimated Time to Complete: 0 min 0 sec
Message 4: received from Server; Status: 90%    Elapsed Time: 0 min 0 sec      Estimated Time to Complete: 0 min 0 sec
Message 4: received from Server; Status: 91%    Elapsed Time: 0 min 0 sec      Estimated Time to Complete: 0 min 0 sec
Message 4: received from Server; Status: 92%    Elapsed Time: 0 min 0 sec      Estimated Time to Complete: 0 min 0 sec
Message 4: received from Server; Status: 93%    Elapsed Time: 0 min 0 sec      Estimated Time to Complete: 0 min 0 sec
Message 4: received from Server; Status: 94%    Elapsed Time: 0 min 0 sec      Estimated Time to Complete: 0 min 0 sec
Message 4: received from Server; Status: 95%    Elapsed Time: 0 min 0 sec      Estimated Time to Complete: 0 min 0 sec
Message 4: received from Server; Status: 96%    Elapsed Time: 0 min 0 sec      Estimated Time to Complete: 0 min 0 sec
Message 4: received from Server; Status: 97%    Elapsed Time: 0 min 0 sec      Estimated Time to Complete: 0 min 0 sec
Message 4: received from Server; Status: 98%    Elapsed Time: 0 min 0 sec      Estimated Time to Complete: 0 min 0 sec
Message 4: received from Server; Status: 99%    Elapsed Time: 0 min 0 sec      Estimated Time to Complete: 0 min 0 sec
Message 4: received from Server; Status: 100%    Elapsed Time: 0 min 0 sec      Estimated Time to Complete: 0 min 0 sec
Message 4: received from Server; Status: Saving Picasso Diagram
Message 4: received from Server; Status: Saving Picasso Diagram: 50% completed
Message 4: received from Server; Status: Saving Picasso Diagram: 100% completed
Message 4: received from Server; Status: Saving Selectivity Logs
Message 4: received from Server; Status: Saving Plan Trees
Message 4: received from Server; Status: Finished. Duration 0 min 0 sec
Message 7:Read Diagram received from Server; Status: &MSG=END
 Message 8:Estimate time to generate sent to Server localhost
Message 4: received from Server; Status: Estimating Time to Generate. Please Wait
Message 8:Estimate time to generate received from Server; Status: Estimated Time to Generate Exact Picasso Diagram is 17 min 12 sec.
 Message 6:Generate Diagram sent to Server localhost
Message 4: received from Server; Status: Generating Compilation Diagram
Message 4: received from Server; Status: Generating Compilation Diagram
Message 4: received from Server; Status: 1%    Elapsed Time: 0 min 2 sec      Estimated Time to Complete: 3 min 32 sec
Message 4: received from Server; Status: 2%    Elapsed Time: 0 min 3 sec      Estimated Time to Complete: 3 min 12 sec
Message 4: received from Server; Status: 3%    Elapsed Time: 0 min 5 sec      Estimated Time to Complete: 3 min 3 sec
Message 4: received from Server; Status: 4%    Elapsed Time: 0 min 7 sec      Estimated Time to Complete: 3 min 0 sec
Message 4: received from Server; Status: 5%    Elapsed Time: 0 min 9 sec      Estimated Time to Complete: 2 min 56 sec
Message 4: received from Server; Status: 6%    Elapsed Time: 0 min 11 sec      Estimated Time to Complete: 2 min 52 sec
Message 4: received from Server; Status: 7%    Elapsed Time: 0 min 12 sec      Estimated Time to Complete: 2 min 49 sec
Message 4: received from Server; Status: 8%    Elapsed Time: 0 min 14 sec      Estimated Time to Complete: 2 min 46 sec
Message 4: received from Server; Status: 9%    Elapsed Time: 0 min 16 sec      Estimated Time to Complete: 2 min 44 sec
Message 4: received from Server; Status: 10%    Elapsed Time: 0 min 18 sec      Estimated Time to Complete: 2 min 42 sec
Message 4: received from Server; Status: 11%    Elapsed Time: 0 min 19 sec      Estimated Time to Complete: 2 min 40 sec
Message 4: received from Server; Status: 12%    Elapsed Time: 0 min 21 sec      Estimated Time to Complete: 2 min 38 sec
Message 4: received from Server; Status: 13%    Elapsed Time: 0 min 23 sec      Estimated Time to Complete: 2 min 36 sec
Message 4: received from Server; Status: 14%    Elapsed Time: 0 min 25 sec      Estimated Time to Complete: 2 min 34 sec
Message 4: received from Server; Status: 15%    Elapsed Time: 0 min 26 sec      Estimated Time to Complete: 2 min 32 sec
Message 4: received from Server; Status: 16%    Elapsed Time: 0 min 28 sec      Estimated Time to Complete: 2 min 30 sec
Message 4: received from Server; Status: 17%    Elapsed Time: 0 min 30 sec      Estimated Time to Complete: 2 min 27 sec
Message 4: received from Server; Status: 18%    Elapsed Time: 0 min 32 sec      Estimated Time to Complete: 2 min 26 sec
Message 4: received from Server; Status: 19%    Elapsed Time: 0 min 33 sec      Estimated Time to Complete: 2 min 24 sec
Message 4: received from Server; Status: 20%    Elapsed Time: 0 min 35 sec      Estimated Time to Complete: 2 min 22 sec
Message 4: received from Server; Status: 21%    Elapsed Time: 0 min 37 sec      Estimated Time to Complete: 2 min 20 sec
Message 4: received from Server; Status: 22%    Elapsed Time: 0 min 39 sec      Estimated Time to Complete: 2 min 18 sec
Message 4: received from Server; Status: 23%    Elapsed Time: 0 min 40 sec      Estimated Time to Complete: 2 min 17 sec
Message 4: received from Server; Status: 24%    Elapsed Time: 0 min 42 sec      Estimated Time to Complete: 2 min 15 sec
Message 4: received from Server; Status: 25%    Elapsed Time: 0 min 44 sec      Estimated Time to Complete: 2 min 13 sec
Message 4: received from Server; Status: 26%    Elapsed Time: 0 min 46 sec      Estimated Time to Complete: 2 min 11 sec
Message 4: received from Server; Status: 27%    Elapsed Time: 0 min 48 sec      Estimated Time to Complete: 2 min 10 sec
Message 4: received from Server; Status: 28%    Elapsed Time: 0 min 49 sec      Estimated Time to Complete: 2 min 8 sec
Message 4: received from Server; Status: 29%    Elapsed Time: 0 min 51 sec      Estimated Time to Complete: 2 min 6 sec
Message 4: received from Server; Status: 30%    Elapsed Time: 0 min 53 sec      Estimated Time to Complete: 2 min 4 sec
Message 4: received from Server; Status: 31%    Elapsed Time: 0 min 55 sec      Estimated Time to Complete: 2 min 3 sec
Message 4: received from Server; Status: 32%    Elapsed Time: 0 min 57 sec      Estimated Time to Complete: 2 min 1 sec
Message 4: received from Server; Status: 33%    Elapsed Time: 0 min 58 sec      Estimated Time to Complete: 1 min 59 sec
Message 4: received from Server; Status: 34%    Elapsed Time: 1 min 0 sec      Estimated Time to Complete: 1 min 57 sec
Message 4: received from Server; Status: 35%    Elapsed Time: 1 min 2 sec      Estimated Time to Complete: 1 min 55 sec
Message 4: received from Server; Status: 36%    Elapsed Time: 1 min 4 sec      Estimated Time to Complete: 1 min 53 sec
Message 4: received from Server; Status: 37%    Elapsed Time: 1 min 5 sec      Estimated Time to Complete: 1 min 52 sec
Message 4: received from Server; Status: 38%    Elapsed Time: 1 min 7 sec      Estimated Time to Complete: 1 min 50 sec
Message 4: received from Server; Status: 39%    Elapsed Time: 1 min 9 sec      Estimated Time to Complete: 1 min 48 sec
Message 4: received from Server; Status: 40%    Elapsed Time: 1 min 11 sec      Estimated Time to Complete: 1 min 47 sec
Message 4: received from Server; Status: 41%    Elapsed Time: 1 min 13 sec      Estimated Time to Complete: 1 min 45 sec
Message 4: received from Server; Status: 42%    Elapsed Time: 1 min 15 sec      Estimated Time to Complete: 1 min 43 sec
Message 4: received from Server; Status: 43%    Elapsed Time: 1 min 16 sec      Estimated Time to Complete: 1 min 42 sec
Message 4: received from Server; Status: 44%    Elapsed Time: 1 min 18 sec      Estimated Time to Complete: 1 min 40 sec
Message 4: received from Server; Status: 45%    Elapsed Time: 1 min 20 sec      Estimated Time to Complete: 1 min 38 sec
Message 4: received from Server; Status: 46%    Elapsed Time: 1 min 22 sec      Estimated Time to Complete: 1 min 36 sec
Message 4: received from Server; Status: 47%    Elapsed Time: 1 min 24 sec      Estimated Time to Complete: 1 min 34 sec
Message 4: received from Server; Status: 48%    Elapsed Time: 1 min 25 sec      Estimated Time to Complete: 1 min 32 sec
Message 4: received from Server; Status: 49%    Elapsed Time: 1 min 27 sec      Estimated Time to Complete: 1 min 31 sec
Message 4: received from Server; Status: 50%    Elapsed Time: 1 min 29 sec      Estimated Time to Complete: 1 min 29 sec
Message 4: received from Server; Status: 51%    Elapsed Time: 1 min 31 sec      Estimated Time to Complete: 1 min 27 sec
Message 4: received from Server; Status: 52%    Elapsed Time: 1 min 32 sec      Estimated Time to Complete: 1 min 25 sec
Message 4: received from Server; Status: 53%    Elapsed Time: 1 min 34 sec      Estimated Time to Complete: 1 min 23 sec
Message 4: received from Server; Status: 54%    Elapsed Time: 1 min 36 sec      Estimated Time to Complete: 1 min 22 sec
Message 4: received from Server; Status: 55%    Elapsed Time: 1 min 37 sec      Estimated Time to Complete: 1 min 20 sec
Message 4: received from Server; Status: 56%    Elapsed Time: 1 min 39 sec      Estimated Time to Complete: 1 min 18 sec
Message 4: received from Server; Status: 57%    Elapsed Time: 1 min 41 sec      Estimated Time to Complete: 1 min 16 sec
Message 4: received from Server; Status: 58%    Elapsed Time: 1 min 43 sec      Estimated Time to Complete: 1 min 14 sec
Message 4: received from Server; Status: 59%    Elapsed Time: 1 min 45 sec      Estimated Time to Complete: 1 min 13 sec
Message 4: received from Server; Status: 60%    Elapsed Time: 1 min 46 sec      Estimated Time to Complete: 1 min 11 sec
Message 4: received from Server; Status: 61%    Elapsed Time: 1 min 48 sec      Estimated Time to Complete: 1 min 9 sec
Message 4: received from Server; Status: 62%    Elapsed Time: 1 min 50 sec      Estimated Time to Complete: 1 min 7 sec
Message 4: received from Server; Status: 63%    Elapsed Time: 1 min 52 sec      Estimated Time to Complete: 1 min 5 sec
Message 4: received from Server; Status: 64%    Elapsed Time: 1 min 54 sec      Estimated Time to Complete: 1 min 4 sec
Message 4: received from Server; Status: 65%    Elapsed Time: 1 min 55 sec      Estimated Time to Complete: 1 min 2 sec
Message 4: received from Server; Status: 66%    Elapsed Time: 1 min 57 sec      Estimated Time to Complete: 1 min 0 sec
Message 4: received from Server; Status: 67%    Elapsed Time: 1 min 59 sec      Estimated Time to Complete: 0 min 58 sec
Message 4: received from Server; Status: 68%    Elapsed Time: 2 min 1 sec      Estimated Time to Complete: 0 min 56 sec
Message 4: received from Server; Status: 69%    Elapsed Time: 2 min 2 sec      Estimated Time to Complete: 0 min 55 sec
Message 4: received from Server; Status: 70%    Elapsed Time: 2 min 4 sec      Estimated Time to Complete: 0 min 53 sec
Message 4: received from Server; Status: 71%    Elapsed Time: 2 min 6 sec      Estimated Time to Complete: 0 min 51 sec
Message 4: received from Server; Status: 72%    Elapsed Time: 2 min 8 sec      Estimated Time to Complete: 0 min 49 sec
Message 4: received from Server; Status: 73%    Elapsed Time: 2 min 10 sec      Estimated Time to Complete: 0 min 48 sec
Message 4: received from Server; Status: 74%    Elapsed Time: 2 min 11 sec      Estimated Time to Complete: 0 min 46 sec
Message 4: received from Server; Status: 75%    Elapsed Time: 2 min 13 sec      Estimated Time to Complete: 0 min 44 sec
Message 4: received from Server; Status: 76%    Elapsed Time: 2 min 15 sec      Estimated Time to Complete: 0 min 42 sec
Message 4: received from Server; Status: 77%    Elapsed Time: 2 min 17 sec      Estimated Time to Complete: 0 min 40 sec
Message 4: received from Server; Status: 78%    Elapsed Time: 2 min 19 sec      Estimated Time to Complete: 0 min 39 sec
Message 4: received from Server; Status: 79%    Elapsed Time: 2 min 20 sec      Estimated Time to Complete: 0 min 37 sec
Message 4: received from Server; Status: 80%    Elapsed Time: 2 min 22 sec      Estimated Time to Complete: 0 min 35 sec
Message 4: received from Server; Status: 81%    Elapsed Time: 2 min 24 sec      Estimated Time to Complete: 0 min 33 sec
Message 4: received from Server; Status: 82%    Elapsed Time: 2 min 26 sec      Estimated Time to Complete: 0 min 32 sec
Message 4: received from Server; Status: 83%    Elapsed Time: 2 min 28 sec      Estimated Time to Complete: 0 min 30 sec
Message 4: received from Server; Status: 84%    Elapsed Time: 2 min 29 sec      Estimated Time to Complete: 0 min 28 sec
Message 4: received from Server; Status: 85%    Elapsed Time: 2 min 31 sec      Estimated Time to Complete: 0 min 26 sec
Message 4: received from Server; Status: 86%    Elapsed Time: 2 min 33 sec      Estimated Time to Complete: 0 min 24 sec
Message 4: received from Server; Status: 87%    Elapsed Time: 2 min 35 sec      Estimated Time to Complete: 0 min 23 sec
Message 4: received from Server; Status: 88%    Elapsed Time: 2 min 37 sec      Estimated Time to Complete: 0 min 21 sec
Message 4: received from Server; Status: 89%    Elapsed Time: 2 min 38 sec      Estimated Time to Complete: 0 min 19 sec
Message 4: received from Server; Status: 90%    Elapsed Time: 2 min 40 sec      Estimated Time to Complete: 0 min 17 sec
Message 4: received from Server; Status: 91%    Elapsed Time: 2 min 42 sec      Estimated Time to Complete: 0 min 16 sec
Message 4: received from Server; Status: 92%    Elapsed Time: 2 min 44 sec      Estimated Time to Complete: 0 min 14 sec
Message 4: received from Server; Status: 93%    Elapsed Time: 2 min 46 sec      Estimated Time to Complete: 0 min 12 sec
Message 4: received from Server; Status: 94%    Elapsed Time: 2 min 47 sec      Estimated Time to Complete: 0 min 10 sec
Message 4: received from Server; Status: 95%    Elapsed Time: 2 min 49 sec      Estimated Time to Complete: 0 min 8 sec
Message 4: received from Server; Status: 96%    Elapsed Time: 2 min 51 sec      Estimated Time to Complete: 0 min 7 sec
Message 4: received from Server; Status: 97%    Elapsed Time: 2 min 53 sec      Estimated Time to Complete: 0 min 5 sec
Message 4: received from Server; Status: 98%    Elapsed Time: 2 min 54 sec      Estimated Time to Complete: 0 min 3 sec
Message 4: received from Server; Status: 99%    Elapsed Time: 2 min 56 sec      Estimated Time to Complete: 0 min 1 sec
Message 4: received from Server; Status: Saving Picasso Diagram
Message 4: received from Server; Status: Saving Picasso Diagram: 50% completed
Message 4: received from Server; Status: Saving Picasso Diagram: 100% completed
Message 4: received from Server; Status: Saving Selectivity Logs
Message 4: received from Server; Status: Saving Plan Trees
Message 4: received from Server; Status: Finished. Duration 3 min 11 sec
Message 7:Read Diagram received from Server; Status: &MSG=END
 Message 7:Read Diagram sent to Server localhost
Message 4: received from Server; Status: Estimating time to generate
Message 8:Estimate time to generate received from Server; Status: QTID: POSTGRES_Default_U_ exists and settings have changed.
QueryTemplate changed 
Resolution on dimension 0 changed from 1000 to 10
Resolution on dimension 1 changed from 1000 to 10
Do you want to generate and overwrite existing diagram?

Estimated Time to Generate Exact Picasso Diagram is 30 sec.
 Message 6:Generate Diagram sent to Server localhost
Message 4: received from Server; Status: Generating Compilation Diagram
Message 4: received from Server; Status: Generating Compilation Diagram
Message 4: received from Server; Status: 2%    Elapsed Time: 0 min 0 sec      Estimated Time to Complete: 0 min 0 sec
Message 4: received from Server; Status: 3%    Elapsed Time: 0 min 0 sec      Estimated Time to Complete: 0 min 0 sec
Message 4: received from Server; Status: 4%    Elapsed Time: 0 min 0 sec      Estimated Time to Complete: 0 min 0 sec
Message 4: received from Server; Status: 5%    Elapsed Time: 0 min 0 sec      Estimated Time to Complete: 0 min 0 sec
Message 4: received from Server; Status: 6%    Elapsed Time: 0 min 0 sec      Estimated Time to Complete: 0 min 0 sec
Message 4: received from Server; Status: 7%    Elapsed Time: 0 min 0 sec      Estimated Time to Complete: 0 min 0 sec
Message 4: received from Server; Status: 8%    Elapsed Time: 0 min 0 sec      Estimated Time to Complete: 0 min 0 sec
Message 4: received from Server; Status: 9%    Elapsed Time: 0 min 0 sec      Estimated Time to Complete: 0 min 0 sec
Message 4: received from Server; Status: 10%    Elapsed Time: 0 min 0 sec      Estimated Time to Complete: 0 min 0 sec
Message 4: received from Server; Status: 11%    Elapsed Time: 0 min 0 sec      Estimated Time to Complete: 0 min 0 sec
Message 4: received from Server; Status: 12%    Elapsed Time: 0 min 0 sec      Estimated Time to Complete: 0 min 0 sec
Message 4: received from Server; Status: 13%    Elapsed Time: 0 min 0 sec      Estimated Time to Complete: 0 min 0 sec
Message 4: received from Server; Status: 14%    Elapsed Time: 0 min 0 sec      Estimated Time to Complete: 0 min 0 sec
Message 4: received from Server; Status: 15%    Elapsed Time: 0 min 0 sec      Estimated Time to Complete: 0 min 0 sec
Message 4: received from Server; Status: 16%    Elapsed Time: 0 min 0 sec      Estimated Time to Complete: 0 min 0 sec
Message 4: received from Server; Status: 17%    Elapsed Time: 0 min 0 sec      Estimated Time to Complete: 0 min 0 sec
Message 4: received from Server; Status: 18%    Elapsed Time: 0 min 0 sec      Estimated Time to Complete: 0 min 0 sec
Message 4: received from Server; Status: 19%    Elapsed Time: 0 min 0 sec      Estimated Time to Complete: 0 min 0 sec
Message 4: received from Server; Status: 20%    Elapsed Time: 0 min 0 sec      Estimated Time to Complete: 0 min 0 sec
Message 4: received from Server; Status: 21%    Elapsed Time: 0 min 0 sec      Estimated Time to Complete: 0 min 0 sec
Message 4: received from Server; Status: 22%    Elapsed Time: 0 min 0 sec      Estimated Time to Complete: 0 min 0 sec
Message 4: received from Server; Status: 23%    Elapsed Time: 0 min 0 sec      Estimated Time to Complete: 0 min 0 sec
Message 4: received from Server; Status: 24%    Elapsed Time: 0 min 0 sec      Estimated Time to Complete: 0 min 0 sec
Message 4: received from Server; Status: 25%    Elapsed Time: 0 min 0 sec      Estimated Time to Complete: 0 min 0 sec
Message 4: received from Server; Status: 26%    Elapsed Time: 0 min 0 sec      Estimated Time to Complete: 0 min 0 sec
Message 4: received from Server; Status: 27%    Elapsed Time: 0 min 0 sec      Estimated Time to Complete: 0 min 0 sec
Message 4: received from Server; Status: 28%    Elapsed Time: 0 min 0 sec      Estimated Time to Complete: 0 min 0 sec
Message 4: received from Server; Status: 29%    Elapsed Time: 0 min 0 sec      Estimated Time to Complete: 0 min 0 sec
Message 4: received from Server; Status: 30%    Elapsed Time: 0 min 0 sec      Estimated Time to Complete: 0 min 0 sec
Message 4: received from Server; Status: 31%    Elapsed Time: 0 min 0 sec      Estimated Time to Complete: 0 min 0 sec
Message 4: received from Server; Status: 32%    Elapsed Time: 0 min 0 sec      Estimated Time to Complete: 0 min 0 sec
Message 4: received from Server; Status: 33%    Elapsed Time: 0 min 0 sec      Estimated Time to Complete: 0 min 0 sec
Message 4: received from Server; Status: 34%    Elapsed Time: 0 min 0 sec      Estimated Time to Complete: 0 min 0 sec
Message 4: received from Server; Status: 35%    Elapsed Time: 0 min 0 sec      Estimated Time to Complete: 0 min 0 sec
Message 4: received from Server; Status: 36%    Elapsed Time: 0 min 0 sec      Estimated Time to Complete: 0 min 0 sec
Message 4: received from Server; Status: 37%    Elapsed Time: 0 min 0 sec      Estimated Time to Complete: 0 min 0 sec
Message 4: received from Server; Status: 38%    Elapsed Time: 0 min 0 sec      Estimated Time to Complete: 0 min 0 sec
Message 4: received from Server; Status: 39%    Elapsed Time: 0 min 0 sec      Estimated Time to Complete: 0 min 0 sec
Message 4: received from Server; Status: 40%    Elapsed Time: 0 min 0 sec      Estimated Time to Complete: 0 min 0 sec
Message 4: received from Server; Status: 41%    Elapsed Time: 0 min 0 sec      Estimated Time to Complete: 0 min 0 sec
Message 4: received from Server; Status: 42%    Elapsed Time: 0 min 0 sec      Estimated Time to Complete: 0 min 0 sec
Message 4: received from Server; Status: 43%    Elapsed Time: 0 min 0 sec      Estimated Time to Complete: 0 min 0 sec
Message 4: received from Server; Status: 44%    Elapsed Time: 0 min 0 sec      Estimated Time to Complete: 0 min 0 sec
Message 4: received from Server; Status: 45%    Elapsed Time: 0 min 0 sec      Estimated Time to Complete: 0 min 0 sec
Message 4: received from Server; Status: 46%    Elapsed Time: 0 min 0 sec      Estimated Time to Complete: 0 min 0 sec
Message 4: received from Server; Status: 47%    Elapsed Time: 0 min 0 sec      Estimated Time to Complete: 0 min 0 sec
Message 4: received from Server; Status: 48%    Elapsed Time: 0 min 0 sec      Estimated Time to Complete: 0 min 0 sec
Message 4: received from Server; Status: 49%    Elapsed Time: 0 min 0 sec      Estimated Time to Complete: 0 min 0 sec
Message 4: received from Server; Status: 50%    Elapsed Time: 0 min 0 sec      Estimated Time to Complete: 0 min 0 sec
Message 4: received from Server; Status: 51%    Elapsed Time: 0 min 0 sec      Estimated Time to Complete: 0 min 0 sec
Message 4: received from Server; Status: 52%    Elapsed Time: 0 min 0 sec      Estimated Time to Complete: 0 min 0 sec
Message 4: received from Server; Status: 53%    Elapsed Time: 0 min 0 sec      Estimated Time to Complete: 0 min 0 sec
Message 4: received from Server; Status: 54%    Elapsed Time: 0 min 0 sec      Estimated Time to Complete: 0 min 0 sec
Message 4: received from Server; Status: 55%    Elapsed Time: 0 min 0 sec      Estimated Time to Complete: 0 min 0 sec
Message 4: received from Server; Status: 56%    Elapsed Time: 0 min 0 sec      Estimated Time to Complete: 0 min 0 sec
Message 4: received from Server; Status: 57%    Elapsed Time: 0 min 0 sec      Estimated Time to Complete: 0 min 0 sec
Message 4: received from Server; Status: 58%    Elapsed Time: 0 min 0 sec      Estimated Time to Complete: 0 min 0 sec
Message 4: received from Server; Status: 59%    Elapsed Time: 0 min 0 sec      Estimated Time to Complete: 0 min 0 sec
Message 4: received from Server; Status: 60%    Elapsed Time: 0 min 0 sec      Estimated Time to Complete: 0 min 0 sec
Message 4: received from Server; Status: 61%    Elapsed Time: 0 min 0 sec      Estimated Time to Complete: 0 min 0 sec
Message 4: received from Server; Status: 62%    Elapsed Time: 0 min 0 sec      Estimated Time to Complete: 0 min 0 sec
Message 4: received from Server; Status: 63%    Elapsed Time: 0 min 0 sec      Estimated Time to Complete: 0 min 0 sec
Message 4: received from Server; Status: 64%    Elapsed Time: 0 min 0 sec      Estimated Time to Complete: 0 min 0 sec
Message 4: received from Server; Status: 65%    Elapsed Time: 0 min 0 sec      Estimated Time to Complete: 0 min 0 sec
Message 4: received from Server; Status: 66%    Elapsed Time: 0 min 0 sec      Estimated Time to Complete: 0 min 0 sec
Message 4: received from Server; Status: 67%    Elapsed Time: 0 min 0 sec      Estimated Time to Complete: 0 min 0 sec
Message 4: received from Server; Status: 68%    Elapsed Time: 0 min 0 sec      Estimated Time to Complete: 0 min 0 sec
Message 4: received from Server; Status: 69%    Elapsed Time: 0 min 0 sec      Estimated Time to Complete: 0 min 0 sec
Message 4: received from Server; Status: 70%    Elapsed Time: 0 min 0 sec      Estimated Time to Complete: 0 min 0 sec
Message 4: received from Server; Status: 71%    Elapsed Time: 0 min 0 sec      Estimated Time to Complete: 0 min 0 sec
Message 4: received from Server; Status: 72%    Elapsed Time: 0 min 0 sec      Estimated Time to Complete: 0 min 0 sec
Message 4: received from Server; Status: 73%    Elapsed Time: 0 min 0 sec      Estimated Time to Complete: 0 min 0 sec
Message 4: received from Server; Status: 74%    Elapsed Time: 0 min 0 sec      Estimated Time to Complete: 0 min 0 sec
Message 4: received from Server; Status: 75%    Elapsed Time: 0 min 0 sec      Estimated Time to Complete: 0 min 0 sec
Message 4: received from Server; Status: 76%    Elapsed Time: 0 min 0 sec      Estimated Time to Complete: 0 min 0 sec
Message 4: received from Server; Status: 77%    Elapsed Time: 0 min 0 sec      Estimated Time to Complete: 0 min 0 sec
Message 4: received from Server; Status: 78%    Elapsed Time: 0 min 0 sec      Estimated Time to Complete: 0 min 0 sec
Message 4: received from Server; Status: 79%    Elapsed Time: 0 min 0 sec      Estimated Time to Complete: 0 min 0 sec
Message 4: received from Server; Status: 80%    Elapsed Time: 0 min 0 sec      Estimated Time to Complete: 0 min 0 sec
Message 4: received from Server; Status: 81%    Elapsed Time: 0 min 0 sec      Estimated Time to Complete: 0 min 0 sec
Message 4: received from Server; Status: 82%    Elapsed Time: 0 min 0 sec      Estimated Time to Complete: 0 min 0 sec
Message 4: received from Server; Status: 83%    Elapsed Time: 0 min 0 sec      Estimated Time to Complete: 0 min 0 sec
Message 4: received from Server; Status: 84%    Elapsed Time: 0 min 0 sec      Estimated Time to Complete: 0 min 0 sec
Message 4: received from Server; Status: 85%    Elapsed Time: 0 min 0 sec      Estimated Time to Complete: 0 min 0 sec
Message 4: received from Server; Status: 86%    Elapsed Time: 0 min 0 sec      Estimated Time to Complete: 0 min 0 sec
Message 4: received from Server; Status: 87%    Elapsed Time: 0 min 0 sec      Estimated Time to Complete: 0 min 0 sec
Message 4: received from Server; Status: 88%    Elapsed Time: 0 min 0 sec      Estimated Time to Complete: 0 min 0 sec
Message 4: received from Server; Status: 89%    Elapsed Time: 0 min 0 sec      Estimated Time to Complete: 0 min 0 sec
Message 4: received from Server; Status: 90%    Elapsed Time: 0 min 0 sec      Estimated Time to Complete: 0 min 0 sec
Message 4: received from Server; Status: 91%    Elapsed Time: 0 min 0 sec      Estimated Time to Complete: 0 min 0 sec
Message 4: received from Server; Status: 92%    Elapsed Time: 0 min 0 sec      Estimated Time to Complete: 0 min 0 sec
Message 4: received from Server; Status: 93%    Elapsed Time: 0 min 0 sec      Estimated Time to Complete: 0 min 0 sec
Message 4: received from Server; Status: 94%    Elapsed Time: 0 min 0 sec      Estimated Time to Complete: 0 min 0 sec
Message 4: received from Server; Status: 95%    Elapsed Time: 0 min 0 sec      Estimated Time to Complete: 0 min 0 sec
Message 4: received from Server; Status: 96%    Elapsed Time: 0 min 0 sec      Estimated Time to Complete: 0 min 0 sec
Message 4: received from Server; Status: 97%    Elapsed Time: 0 min 0 sec      Estimated Time to Complete: 0 min 0 sec
Message 4: received from Server; Status: 98%    Elapsed Time: 0 min 0 sec      Estimated Time to Complete: 0 min 0 sec
Message 4: received from Server; Status: 99%    Elapsed Time: 0 min 0 sec      Estimated Time to Complete: 0 min 0 sec
Message 4: received from Server; Status: 100%    Elapsed Time: 0 min 0 sec      Estimated Time to Complete: 0 min 0 sec
Message 4: received from Server; Status: Saving Picasso Diagram
Message 4: received from Server; Status: Saving Picasso Diagram: 50% completed
Message 4: received from Server; Status: Saving Picasso Diagram: 100% completed
Message 4: received from Server; Status: Saving Selectivity Logs
Message 4: received from Server; Status: Saving Plan Trees
Message 4: received from Server; Status: Finished. Duration 0 min 0 sec
Message 7:Read Diagram received from Server; Status: &MSG=END
 Message 7:Read Diagram sent to Server localhost
Message 4: received from Server; Status: Estimating time to generate
Message 8:Estimate time to generate received from Server; Status: QTID: POSTGRES_Default_U_ exists and settings have changed.
QueryTemplate changed 
Do you want to generate and overwrite existing diagram?

Estimated Time to Generate Exact Picasso Diagram is 30 sec.
 Message 7:Read Diagram sent to Server localhost
Message 4: received from Server; Status: Estimating time to generate
Message 8:Estimate time to generate received from Server; Status: QTID: POSTGRES_Default_U_ exists and settings have changed.
QueryTemplate changed 
Resolution on dimension 0 changed from 10 to 1000
Resolution on dimension 1 changed from 10 to 1000
Do you want to generate and overwrite existing diagram?

Estimated Time to Generate Exact Picasso Diagram is 17 min 12 sec.
 Message 6:Generate Diagram sent to Server localhost
Message 4: received from Server; Status: Generating Compilation Diagram
Message 4: received from Server; Status: Generating Compilation Diagram
Message 4: received from Server; Status: 1%    Elapsed Time: 0 min 3 sec      Estimated Time to Complete: 5 min 32 sec
Message 4: received from Server; Status: 2%    Elapsed Time: 0 min 6 sec      Estimated Time to Complete: 5 min 32 sec
Message 4: received from Server; Status: 3%    Elapsed Time: 0 min 10 sec      Estimated Time to Complete: 5 min 28 sec
Message 4: received from Server; Status: 4%    Elapsed Time: 0 min 13 sec      Estimated Time to Complete: 5 min 23 sec
Message 4: received from Server; Status: 5%    Elapsed Time: 0 min 16 sec      Estimated Time to Complete: 5 min 19 sec
Message 4: received from Server; Status: 6%    Elapsed Time: 0 min 20 sec      Estimated Time to Complete: 5 min 15 sec
Message 4: received from Server; Status: 7%    Elapsed Time: 0 min 23 sec      Estimated Time to Complete: 5 min 11 sec
Message 4: received from Server; Status: 8%    Elapsed Time: 0 min 26 sec      Estimated Time to Complete: 5 min 8 sec
Message 4: received from Server; Status: 9%    Elapsed Time: 0 min 30 sec      Estimated Time to Complete: 5 min 4 sec
Message 4: received from Server; Status: 10%    Elapsed Time: 0 min 33 sec      Estimated Time to Complete: 5 min 0 sec
Message 4: received from Server; Status: 11%    Elapsed Time: 0 min 36 sec      Estimated Time to Complete: 4 min 57 sec
Message 4: received from Server; Status: 12%    Elapsed Time: 0 min 39 sec      Estimated Time to Complete: 4 min 53 sec
Message 4: received from Server; Status: 13%    Elapsed Time: 0 min 43 sec      Estimated Time to Complete: 4 min 49 sec
Message 4: received from Server; Status: 14%    Elapsed Time: 0 min 46 sec      Estimated Time to Complete: 4 min 47 sec
Message 4: received from Server; Status: 15%    Elapsed Time: 0 min 50 sec      Estimated Time to Complete: 4 min 43 sec
Message 4: received from Server; Status: 16%    Elapsed Time: 0 min 53 sec      Estimated Time to Complete: 4 min 40 sec
Message 4: received from Server; Status: 17%    Elapsed Time: 0 min 56 sec      Estimated Time to Complete: 4 min 36 sec
 Message 16:Cancel Processing sent to Server localhost
Message 4: received from Server; Status: Generation Cancelled
Message 2: received from Server; Status: null
 Message 7:Read Diagram sent to Server localhost
Message 4: received from Server; Status: Estimating time to generate
Message 8:Estimate time to generate received from Server; Status: QTID: POSTGRES_Default_U_ exists and settings have changed.
Resolution on dimension 0 changed from 10 to 1000
Resolution on dimension 1 changed from 10 to 1000
Do you want to generate and overwrite existing diagram?

Estimated Time to Generate Exact Picasso Diagram is 17 min 12 sec.
 Message 6:Generate Diagram sent to Server localhost
Message 4: received from Server; Status: Generating Compilation Diagram
Message 4: received from Server; Status: Generating Compilation Diagram
Message 4: received from Server; Status: 1%    Elapsed Time: 0 min 3 sec      Estimated Time to Complete: 5 min 33 sec
Message 4: received from Server; Status: 2%    Elapsed Time: 0 min 6 sec      Estimated Time to Complete: 5 min 25 sec
Message 4: received from Server; Status: 3%    Elapsed Time: 0 min 10 sec      Estimated Time to Complete: 5 min 24 sec
Message 4: received from Server; Status: 4%    Elapsed Time: 0 min 13 sec      Estimated Time to Complete: 5 min 20 sec
Message 4: received from Server; Status: 5%    Elapsed Time: 0 min 16 sec      Estimated Time to Complete: 5 min 18 sec
Message 4: received from Server; Status: 6%    Elapsed Time: 0 min 20 sec      Estimated Time to Complete: 5 min 14 sec
Message 4: received from Server; Status: 7%    Elapsed Time: 0 min 23 sec      Estimated Time to Complete: 5 min 10 sec
Message 4: received from Server; Status: 8%    Elapsed Time: 0 min 26 sec      Estimated Time to Complete: 5 min 6 sec
Message 4: received from Server; Status: 9%    Elapsed Time: 0 min 29 sec      Estimated Time to Complete: 5 min 3 sec
Message 4: received from Server; Status: 10%    Elapsed Time: 0 min 33 sec      Estimated Time to Complete: 5 min 0 sec
Message 4: received from Server; Status: 11%    Elapsed Time: 0 min 36 sec      Estimated Time to Complete: 4 min 57 sec
Message 4: received from Server; Status: 12%    Elapsed Time: 0 min 40 sec      Estimated Time to Complete: 4 min 54 sec
Message 4: received from Server; Status: 13%    Elapsed Time: 0 min 43 sec      Estimated Time to Complete: 4 min 52 sec
Message 4: received from Server; Status: 14%    Elapsed Time: 0 min 47 sec      Estimated Time to Complete: 4 min 49 sec
Message 4: received from Server; Status: 15%    Elapsed Time: 0 min 50 sec      Estimated Time to Complete: 4 min 45 sec
Message 4: received from Server; Status: 16%    Elapsed Time: 0 min 53 sec      Estimated Time to Complete: 4 min 42 sec
Message 4: received from Server; Status: 17%    Elapsed Time: 0 min 57 sec      Estimated Time to Complete: 4 min 39 sec
Message 4: received from Server; Status: 18%    Elapsed Time: 1 min 0 sec      Estimated Time to Complete: 4 min 35 sec
Message 4: received from Server; Status: 19%    Elapsed Time: 1 min 3 sec      Estimated Time to Complete: 4 min 32 sec
Message 4: received from Server; Status: 20%    Elapsed Time: 1 min 7 sec      Estimated Time to Complete: 4 min 28 sec
Message 4: received from Server; Status: 21%    Elapsed Time: 1 min 10 sec      Estimated Time to Complete: 4 min 24 sec
Message 4: received from Server; Status: 22%    Elapsed Time: 1 min 13 sec      Estimated Time to Complete: 4 min 21 sec
Message 4: received from Server; Status: 23%    Elapsed Time: 1 min 17 sec      Estimated Time to Complete: 4 min 18 sec
Message 4: received from Server; Status: 24%    Elapsed Time: 1 min 20 sec      Estimated Time to Complete: 4 min 15 sec
Message 4: received from Server; Status: 25%    Elapsed Time: 1 min 23 sec      Estimated Time to Complete: 4 min 11 sec
Message 4: received from Server; Status: 26%    Elapsed Time: 1 min 27 sec      Estimated Time to Complete: 4 min 8 sec
Message 4: received from Server; Status: 27%    Elapsed Time: 1 min 30 sec      Estimated Time to Complete: 4 min 5 sec
Message 4: received from Server; Status: 28%    Elapsed Time: 1 min 34 sec      Estimated Time to Complete: 4 min 1 sec
Message 4: received from Server; Status: 29%    Elapsed Time: 1 min 37 sec      Estimated Time to Complete: 3 min 58 sec
Message 4: received from Server; Status: 30%    Elapsed Time: 1 min 40 sec      Estimated Time to Complete: 3 min 55 sec
Message 4: received from Server; Status: 31%    Elapsed Time: 1 min 44 sec      Estimated Time to Complete: 3 min 51 sec
Message 4: received from Server; Status: 32%    Elapsed Time: 1 min 47 sec      Estimated Time to Complete: 3 min 48 sec
Message 4: received from Server; Status: 33%    Elapsed Time: 1 min 50 sec      Estimated Time to Complete: 3 min 45 sec
Message 4: received from Server; Status: 34%    Elapsed Time: 1 min 54 sec      Estimated Time to Complete: 3 min 41 sec
Message 4: received from Server; Status: 35%    Elapsed Time: 1 min 57 sec      Estimated Time to Complete: 3 min 38 sec
Message 4: received from Server; Status: 36%    Elapsed Time: 2 min 0 sec      Estimated Time to Complete: 3 min 35 sec
Message 4: received from Server; Status: 37%    Elapsed Time: 2 min 4 sec      Estimated Time to Complete: 3 min 31 sec
Message 4: received from Server; Status: 38%    Elapsed Time: 2 min 7 sec      Estimated Time to Complete: 3 min 27 sec
Message 4: received from Server; Status: 39%    Elapsed Time: 2 min 10 sec      Estimated Time to Complete: 3 min 24 sec
Message 4: received from Server; Status: 40%    Elapsed Time: 2 min 14 sec      Estimated Time to Complete: 3 min 21 sec
Message 4: received from Server; Status: 41%    Elapsed Time: 2 min 17 sec      Estimated Time to Complete: 3 min 17 sec
Message 4: received from Server; Status: 42%    Elapsed Time: 2 min 20 sec      Estimated Time to Complete: 3 min 14 sec
Message 4: received from Server; Status: 43%    Elapsed Time: 2 min 23 sec      Estimated Time to Complete: 3 min 10 sec
Message 4: received from Server; Status: 44%    Elapsed Time: 2 min 27 sec      Estimated Time to Complete: 3 min 7 sec
Message 4: received from Server; Status: 45%    Elapsed Time: 2 min 30 sec      Estimated Time to Complete: 3 min 3 sec
Message 4: received from Server; Status: 46%    Elapsed Time: 2 min 33 sec      Estimated Time to Complete: 3 min 0 sec
Message 4: received from Server; Status: 47%    Elapsed Time: 2 min 37 sec      Estimated Time to Complete: 2 min 57 sec
Message 4: received from Server; Status: 48%    Elapsed Time: 2 min 40 sec      Estimated Time to Complete: 2 min 53 sec
Message 4: received from Server; Status: 49%    Elapsed Time: 2 min 43 sec      Estimated Time to Complete: 2 min 50 sec
Message 4: received from Server; Status: 50%    Elapsed Time: 2 min 46 sec      Estimated Time to Complete: 2 min 46 sec
Message 4: received from Server; Status: 51%    Elapsed Time: 2 min 50 sec      Estimated Time to Complete: 2 min 43 sec
Message 4: received from Server; Status: 52%    Elapsed Time: 2 min 53 sec      Estimated Time to Complete: 2 min 40 sec
Message 4: received from Server; Status: 53%    Elapsed Time: 2 min 56 sec      Estimated Time to Complete: 2 min 36 sec
Message 4: received from Server; Status: 54%    Elapsed Time: 3 min 0 sec      Estimated Time to Complete: 2 min 33 sec
Message 4: received from Server; Status: 55%    Elapsed Time: 3 min 3 sec      Estimated Time to Complete: 2 min 30 sec
Message 4: received from Server; Status: 56%    Elapsed Time: 3 min 6 sec      Estimated Time to Complete: 2 min 26 sec
Message 4: received from Server; Status: 57%    Elapsed Time: 3 min 10 sec      Estimated Time to Complete: 2 min 23 sec
Message 4: received from Server; Status: 58%    Elapsed Time: 3 min 13 sec      Estimated Time to Complete: 2 min 20 sec
Message 4: received from Server; Status: 59%    Elapsed Time: 3 min 16 sec      Estimated Time to Complete: 2 min 16 sec
Message 4: received from Server; Status: 60%    Elapsed Time: 3 min 20 sec      Estimated Time to Complete: 2 min 13 sec
Message 4: received from Server; Status: 61%    Elapsed Time: 3 min 23 sec      Estimated Time to Complete: 2 min 10 sec
Message 4: received from Server; Status: 62%    Elapsed Time: 3 min 26 sec      Estimated Time to Complete: 2 min 6 sec
Message 4: received from Server; Status: 63%    Elapsed Time: 3 min 29 sec      Estimated Time to Complete: 2 min 3 sec
Message 4: received from Server; Status: 64%    Elapsed Time: 3 min 33 sec      Estimated Time to Complete: 2 min 0 sec
Message 4: received from Server; Status: 65%    Elapsed Time: 3 min 36 sec      Estimated Time to Complete: 1 min 56 sec
Message 4: received from Server; Status: 66%    Elapsed Time: 3 min 40 sec      Estimated Time to Complete: 1 min 53 sec
Message 4: received from Server; Status: 67%    Elapsed Time: 3 min 43 sec      Estimated Time to Complete: 1 min 50 sec
Message 4: received from Server; Status: 68%    Elapsed Time: 3 min 46 sec      Estimated Time to Complete: 1 min 46 sec
Message 4: received from Server; Status: 69%    Elapsed Time: 3 min 50 sec      Estimated Time to Complete: 1 min 43 sec
Message 4: received from Server; Status: 70%    Elapsed Time: 3 min 53 sec      Estimated Time to Complete: 1 min 40 sec
Message 4: received from Server; Status: 71%    Elapsed Time: 3 min 56 sec      Estimated Time to Complete: 1 min 36 sec
Message 4: received from Server; Status: 72%    Elapsed Time: 4 min 0 sec      Estimated Time to Complete: 1 min 33 sec
Message 4: received from Server; Status: 73%    Elapsed Time: 4 min 3 sec      Estimated Time to Complete: 1 min 30 sec
Message 4: received from Server; Status: 74%    Elapsed Time: 4 min 6 sec      Estimated Time to Complete: 1 min 26 sec
Message 4: received from Server; Status: 75%    Elapsed Time: 4 min 10 sec      Estimated Time to Complete: 1 min 23 sec
Message 4: received from Server; Status: 76%    Elapsed Time: 4 min 13 sec      Estimated Time to Complete: 1 min 20 sec
Message 4: received from Server; Status: 77%    Elapsed Time: 4 min 16 sec      Estimated Time to Complete: 1 min 16 sec
Message 4: received from Server; Status: 78%    Elapsed Time: 4 min 20 sec      Estimated Time to Complete: 1 min 13 sec
Message 4: received from Server; Status: 79%    Elapsed Time: 4 min 23 sec      Estimated Time to Complete: 1 min 10 sec
Message 4: received from Server; Status: 80%    Elapsed Time: 4 min 27 sec      Estimated Time to Complete: 1 min 6 sec
Message 4: received from Server; Status: 81%    Elapsed Time: 4 min 30 sec      Estimated Time to Complete: 1 min 3 sec
Message 4: received from Server; Status: 82%    Elapsed Time: 4 min 33 sec      Estimated Time to Complete: 1 min 0 sec
Message 4: received from Server; Status: 83%    Elapsed Time: 4 min 37 sec      Estimated Time to Complete: 0 min 56 sec
Message 4: received from Server; Status: 84%    Elapsed Time: 4 min 40 sec      Estimated Time to Complete: 0 min 53 sec
Message 4: received from Server; Status: 85%    Elapsed Time: 4 min 43 sec      Estimated Time to Complete: 0 min 50 sec
Message 4: received from Server; Status: 86%    Elapsed Time: 4 min 47 sec      Estimated Time to Complete: 0 min 46 sec
Message 4: received from Server; Status: 87%    Elapsed Time: 4 min 50 sec      Estimated Time to Complete: 0 min 43 sec
Message 4: received from Server; Status: 88%    Elapsed Time: 4 min 54 sec      Estimated Time to Complete: 0 min 40 sec
Message 4: received from Server; Status: 89%    Elapsed Time: 4 min 57 sec      Estimated Time to Complete: 0 min 36 sec
Message 4: received from Server; Status: 90%    Elapsed Time: 5 min 0 sec      Estimated Time to Complete: 0 min 33 sec
Message 4: received from Server; Status: 91%    Elapsed Time: 5 min 4 sec      Estimated Time to Complete: 0 min 30 sec
Message 4: received from Server; Status: 92%    Elapsed Time: 5 min 7 sec      Estimated Time to Complete: 0 min 26 sec
Message 4: received from Server; Status: 93%    Elapsed Time: 5 min 10 sec      Estimated Time to Complete: 0 min 23 sec
Message 4: received from Server; Status: 94%    Elapsed Time: 5 min 14 sec      Estimated Time to Complete: 0 min 20 sec
Message 4: received from Server; Status: 95%    Elapsed Time: 5 min 17 sec      Estimated Time to Complete: 0 min 16 sec
Message 4: received from Server; Status: 96%    Elapsed Time: 5 min 21 sec      Estimated Time to Complete: 0 min 13 sec
Message 4: received from Server; Status: 97%    Elapsed Time: 5 min 24 sec      Estimated Time to Complete: 0 min 10 sec
Message 4: received from Server; Status: 98%    Elapsed Time: 5 min 27 sec      Estimated Time to Complete: 0 min 6 sec
Message 4: received from Server; Status: 99%    Elapsed Time: 5 min 31 sec      Estimated Time to Complete: 0 min 3 sec
Message 4: received from Server; Status: Saving Picasso Diagram
Message 4: received from Server; Status: Saving Picasso Diagram: 50% completed
Message 4: received from Server; Status: Saving Picasso Diagram: 100% completed
Message 4: received from Server; Status: Saving Selectivity Logs
Message 4: received from Server; Status: Saving Plan Trees
Message 4: received from Server; Status: Finished. Duration 5 min 48 sec
Message 7:Read Diagram received from Server; Status: &MSG=END
